Using pre-set license
Built from '2020.2/china_unity/release' branch; Version is '2020.2.2f1c1 (e7e650540bb3) revision 15197776'; Using compiler version '192528614'; Build Type 'Release'
OS: 'Windows 10 Pro; OS build 19041.867; Version 2004; 64bit' Language: 'zh' Physical Memory: 16191 MB
BatchMode: 1, IsHumanControllingUs: 0, StartBugReporterOnCrash: 0, Is64bit: 1, IsPro: 0

 COMMAND LINE ARGUMENTS:
D:\UnityEditor\2020.2.2f1c1\Editor\Unity.exe
-adb2
-batchMode
-noUpm
-name
AssetImportWorker0
-projectPath
D:/SVN_NEW/Built-InTemplate
-logFile
Logs/AssetImportWorker0.log
-srvPort
7322
Successfully changed project path to: D:/SVN_NEW/Built-InTemplate
D:/SVN_NEW/Built-InTemplate
Using Asset Import Pipeline V2.
Refreshing native plugins compatible for Editor in 28.13 ms, found 0 plugins.
Preloading 0 native plugins for Editor in 0.00 ms.
Initialize engine version: 2020.2.2f1c1 (e7e650540bb3)
[Subsystems] Discovering subsystems at path D:/UnityEditor/2020.2.2f1c1/Editor/Data/Resources/UnitySubsystems
[Subsystems] Discovering subsystems at path D:/SVN_NEW/Built-InTemplate/Assets
GfxDevice: creating device client; threaded=0
Direct3D:
    Version:  Direct3D 11.0 [level 11.1]
    Renderer: NVIDIA GeForce GTX 1080 (ID=0x1b80)
    Vendor:   
    VRAM:     8079 MB
    Driver:   26.21.14.4114
Initialize mono
Mono path[0] = 'D:/UnityEditor/2020.2.2f1c1/Editor/Data/Managed'
Mono path[1] = 'D:/UnityEditor/2020.2.2f1c1/Editor/Data/MonoBleedingEdge/lib/mono/unityjit'
Mono config path = 'D:/UnityEditor/2020.2.2f1c1/Editor/Data/MonoBleedingEdge/etc'
Using monoOptions --debugger-agent=transport=dt_socket,embedding=1,server=y,suspend=n,address=127.0.0.1:56280
Begin MonoManager ReloadAssembly
Registering precompiled unity dll's ...
Register platform support module: D:/UnityEditor/2020.2.2f1c1/Editor/Data/PlaybackEngines/WindowsStandaloneSupport/UnityEditor.WindowsStandalone.Extensions.dll
Registered in 0.000791 seconds.
Native extension for WindowsStandalone target not found
Refreshing native plugins compatible for Editor in 26.47 ms, found 0 plugins.
Preloading 0 native plugins for Editor in 0.00 ms.
Invoked RoslynAnalysisRunner static constructor.
RoslynAnalysisRunner will not be running.
RoslynAnalysisRunner has terminated.
Mono: successfully reloaded assembly
- Completed reload, in  0.612 seconds
Platform modules already initialized, skipping
Registering precompiled user dll's ...
Registered in 0.001804 seconds.
Begin MonoManager ReloadAssembly
Native extension for WindowsStandalone target not found
Refreshing native plugins compatible for Editor in 0.29 ms, found 0 plugins.
Preloading 0 native plugins for Editor in 0.00 ms.
Invoked RoslynAnalysisRunner static constructor.
RoslynAnalysisRunner will not be running.
RoslynAnalysisRunner has terminated.
Mono: successfully reloaded assembly
- Completed reload, in  0.812 seconds
Platform modules already initialized, skipping
========================================================================
Worker process is ready to serve import requests
Launched and connected shader compiler UnityShaderCompiler.exe after 0.03 seconds
Refreshing native plugins compatible for Editor in 0.31 ms, found 0 plugins.
Preloading 0 native plugins for Editor in 0.00 ms.
Unloading 1602 Unused Serialized files (Serialized files now loaded: 0)
System memory in use before: 98.4 MB.
System memory in use after: 98.5 MB.

Unloading 15 unused Assets to reduce memory usage. Loaded Objects now: 2066.
Total: 2.273200 ms (FindLiveObjects: 0.347300 ms CreateObjectMapping: 0.107500 ms MarkObjects: 1.720300 ms  DeleteObjects: 0.097100 ms)

========================================================================
Received Import Request.
  path: Assets/Advanced
  artifactKey: Guid(6aed394d8c217ba4cb5a602eebe5a5e0) Importer(815301076,1909f56bfc062723c751e8b465ee728b)
Start importing Assets/Advanced using Guid(6aed394d8c217ba4cb5a602eebe5a5e0) Importer(815301076,1909f56bfc062723c751e8b465ee728b)  -> (artifact id: '5edd53bafdcbede64c3516cf47bb1c55') in 0.007927 seconds
  Import took 0.010380 seconds .

========================================================================
Received Import Request.
  Time since last request: 1465.096933 seconds.
  path: Assets/ZH/LightScene/Shader/LightShader.shader
  artifactKey: Guid(47adf0e34128e6b41bf46996f47ffc55) Importer(815301076,1909f56bfc062723c751e8b465ee728b)
Start importing Assets/ZH/LightScene/Shader/LightShader.shader using Guid(47adf0e34128e6b41bf46996f47ffc55) Importer(815301076,1909f56bfc062723c751e8b465ee728b)  -> (artifact id: '3877b879089b09e81cff21f7c3347408') in 0.072927 seconds
  Import took 0.075722 seconds .

========================================================================
Received Import Request.
  Time since last request: 12.472798 seconds.
  path: Assets/ZH/LightScene/Shader/MyLighting.cginc
  artifactKey: Guid(bbc02eb24a00ea74688a7614a8b2a334) Importer(815301076,1909f56bfc062723c751e8b465ee728b)
Start importing Assets/ZH/LightScene/Shader/MyLighting.cginc using Guid(bbc02eb24a00ea74688a7614a8b2a334) Importer(815301076,1909f56bfc062723c751e8b465ee728b)  -> (artifact id: '844d7310e76761f747f144e58075d710') in 0.006891 seconds
  Import took 0.009262 seconds .

========================================================================
Received Import Request.
  Time since last request: 38.283169 seconds.
  path: Assets/ZH/LightScene/My First Light Shader.mat
  artifactKey: Guid(0a8891a2d086242428cac478a3f0750f) Importer(815301076,1909f56bfc062723c751e8b465ee728b)
Start importing Assets/ZH/LightScene/My First Light Shader.mat using Guid(0a8891a2d086242428cac478a3f0750f) Importer(815301076,1909f56bfc062723c751e8b465ee728b)  -> (artifact id: '68a54192acd774a3e39e6dee8070d0d3') in 0.313798 seconds
  Import took 0.316323 seconds .

========================================================================
Received Import Request.
  Time since last request: 0.000317 seconds.
  path: Assets/ZH/StaticLight/MyStaticLight.mat
  artifactKey: Guid(3a07acc4df179c14795efcbdaf335730) Importer(815301076,1909f56bfc062723c751e8b465ee728b)
Start importing Assets/ZH/StaticLight/MyStaticLight.mat using Guid(3a07acc4df179c14795efcbdaf335730) Importer(815301076,1909f56bfc062723c751e8b465ee728b)  -> (artifact id: '6f671949d45b8d81d7ffb9b8c8fd76bc') in 0.189686 seconds
  Import took 0.192033 seconds .

========================================================================
Received Import Request.
  Time since last request: 0.000291 seconds.
  path: Assets/ZH/StaticLight/MyStaticLight Transparent.mat
  artifactKey: Guid(b4c4c9ee7837e844a9069ea05dff0ad5) Importer(815301076,1909f56bfc062723c751e8b465ee728b)
Start importing Assets/ZH/StaticLight/MyStaticLight Transparent.mat using Guid(b4c4c9ee7837e844a9069ea05dff0ad5) Importer(815301076,1909f56bfc062723c751e8b465ee728b)  -> (artifact id: 'd23a5a05a1552e796da8cadc13e7b835') in 0.195318 seconds
  Import took 0.197940 seconds .

========================================================================
Received Import Request.
  Time since last request: 74.200261 seconds.
  path: Assets/Advanced/Shader
  artifactKey: Guid(51a6499bc6a35f448a180d8c98834425) Importer(815301076,1909f56bfc062723c751e8b465ee728b)
Start importing Assets/Advanced/Shader using Guid(51a6499bc6a35f448a180d8c98834425) Importer(815301076,1909f56bfc062723c751e8b465ee728b)  -> (artifact id: '67ecf75ff3abac37d4a6edb2a6bb8529') in 0.006455 seconds
  Import took 0.009239 seconds .

========================================================================
Received Import Request.
  Time since last request: 12.349673 seconds.
  path: Assets/Advanced/Material
  artifactKey: Guid(310de0e0a158d80439ab22cdbdf416ba) Importer(815301076,1909f56bfc062723c751e8b465ee728b)
Start importing Assets/Advanced/Material using Guid(310de0e0a158d80439ab22cdbdf416ba) Importer(815301076,1909f56bfc062723c751e8b465ee728b)  -> (artifact id: '048475811260048ca4baa882e014077a') in 0.021607 seconds
  Import took 0.024158 seconds .

========================================================================
Received Import Request.
  Time since last request: 19.997978 seconds.
  path: Assets/Advanced/AdvancedScene.unity
  artifactKey: Guid(94f608728513f544e82e498e44474454) Importer(815301076,1909f56bfc062723c751e8b465ee728b)
Start importing Assets/Advanced/AdvancedScene.unity using Guid(94f608728513f544e82e498e44474454) Importer(815301076,1909f56bfc062723c751e8b465ee728b)  -> (artifact id: 'c383265044db73fdcd9f5a4e02bfc53c') in 0.006275 seconds
  Import took 0.008852 seconds .

========================================================================
Received Import Request.
  Time since last request: 0.000633 seconds.
  path: Assets/Advanced/AdvancedScene.unity
  artifactKey: Guid(94f608728513f544e82e498e44474454) Importer(815301076,1909f56bfc062723c751e8b465ee728b)
Start importing Assets/Advanced/AdvancedScene.unity using Guid(94f608728513f544e82e498e44474454) Importer(815301076,1909f56bfc062723c751e8b465ee728b)  -> (artifact id: 'c383265044db73fdcd9f5a4e02bfc53c') in 0.002314 seconds
  Import took 0.005037 seconds .

AssetImportWorkerClient::OnTransportError - code=2 error=End of file
